2025-12-04 22:58:04 - 日志文件: E:\code\python\Pointcept\ckpt\predict_20251204_225804.log
2025-12-04 22:58:04 - ============================================================
2025-12-04 22:58:04 - LAS 点云预测流程开始
2025-12-04 22:58:04 - ============================================================
2025-12-04 22:58:04 - 输入目录: E:\data\补充测试数据\城市\青白江 试验数据.las
2025-12-04 22:58:04 - 输出目录: E:\data\云南遥感中心\第二批\disk01\val_pred
2025-12-04 22:58:04 - 配置文件: E:\code\python\Pointcept\ckpt\semseg-pt-v2m5-0-base.py
2025-12-04 22:58:04 - 权重文件: E:\code\python\Pointcept\ckpt\model_best.pth
2025-12-04 22:58:04 - require_labels: None
2025-12-04 22:58:04 - ignore_labels: [15]
2025-12-04 22:58:04 - window_size: (200.0, 200.0)
2025-12-04 22:58:04 - min_points: 5000
2025-12-04 22:58:04 - use_lac: True
2025-12-04 22:58:04 - 
2025-12-04 22:58:04 - 
============================================================
2025-12-04 22:58:04 - Step 1: 提取需要预测的点
2025-12-04 22:58:04 - ============================================================
2025-12-04 22:58:04 - 处理文件: 青白江 试验数据.las
2025-12-04 22:58:04 -   需要预测的点: 7502442, 被排除的点: 91740
2025-12-04 22:58:04 - 
============================================================
2025-12-04 22:58:04 - Step 2: Tile 分块处理
2025-12-04 22:58:04 - ============================================================
2025-12-04 22:58:06 - 
============================================================
2025-12-04 22:58:06 - Step 3: 深度学习预测
2025-12-04 22:58:06 - ============================================================
2025-12-04 22:59:10 - 
============================================================
2025-12-04 22:59:10 - Step 4: Merge 合并 tile 结果
2025-12-04 22:59:10 - ============================================================
2025-12-04 22:59:12 - 
============================================================
2025-12-04 22:59:12 - Step 5: 合并被排除的点
2025-12-04 22:59:12 - ============================================================
2025-12-04 22:59:12 - 合并文件: 青白江 试验数据.las
2025-12-04 22:59:13 -   合并完成: 7502442 + 91740 = 7594182 点
2025-12-04 22:59:13 - 
============================================================
2025-12-04 22:59:13 - Step 6: LAC 处理
2025-12-04 22:59:13 - ============================================================
2025-12-04 22:59:44 - 
============================================================
2025-12-04 22:59:44 - 预测完成！
2025-12-04 22:59:44 - 总耗时: 100.29 秒 (1.67 分钟)
2025-12-04 22:59:44 - 结果保存在: E:\data\云南遥感中心\第二批\disk01\val_pred
2025-12-04 22:59:44 - ============================================================
2025-12-04 22:59:44 - 
>>> 清理临时文件...
