2025-12-05 22:21:54 - 日志文件: ckpt\other-y\predict_20251205_222154.log
2025-12-05 22:21:54 - ============================================================
2025-12-05 22:21:54 - LAS 点云预测流程开始（逐文件处理模式）
2025-12-05 22:21:54 - ============================================================
2025-12-05 22:21:54 - 输入路径: D:\云南遥感中心数据第二批\disk04
2025-12-05 22:21:54 - 输出目录: D:\云南遥感中心数据第二批\disk04_pred
2025-12-05 22:21:54 - 临时文件目录: D:\云南遥感中心数据第二批\disk04_pred
2025-12-05 22:21:54 - 配置文件: ckpt\other-y\semseg-pt-v2m5-0-base.py
2025-12-05 22:21:54 - 权重文件: ckpt\other-y\model_best.pth
2025-12-05 22:21:54 - 递归处理子文件夹: False
2025-12-05 22:21:54 - AMP 混合精度: True
2025-12-05 22:21:54 - 定期缓存清理间隔(test步数): 20
2025-12-05 22:21:54 - require_labels: None
2025-12-05 22:21:54 - ignore_labels: []
2025-12-05 22:21:54 - window_size: (200.0, 200.0)
2025-12-05 22:21:54 - min_points: 5000
2025-12-05 22:21:54 - use_lac: True
2025-12-05 22:21:54 - 
2025-12-05 22:21:54 - 找到 78 个 LAS 文件待处理
2025-12-05 22:21:54 - 
2025-12-05 22:21:54 - ============================================================
2025-12-05 22:21:54 - [1/78] 处理文件: processed_其他083.las
2025-12-05 22:21:54 -   输入: D:\云南遥感中心数据第二批\disk04\processed_其他083.las
2025-12-05 22:21:54 -   输出: D:\云南遥感中心数据第二批\disk04_pred\processed_其他083.las
2025-12-05 22:21:54 - ============================================================
2025-12-05 22:21:54 -   [Step 1] 提取需要预测的点...
2025-12-05 22:21:57 -   [Step 2] Tile 分块处理...
2025-12-05 22:22:02 -   [Step 3] 深度学习预测...
