2025-12-05 18:50:55 - 日志文件: E:\code\python\Pointcept\ckpt\other\predict_20251205_185055.log
2025-12-05 18:50:55 - ============================================================
2025-12-05 18:50:55 - LAS 点云预测流程开始（逐文件处理模式）
2025-12-05 18:50:55 - ============================================================
2025-12-05 18:50:55 - 输入路径: E:\data\云南遥感中心数据第二批\city\新建文件夹
2025-12-05 18:50:55 - 输出目录: E:\data\云南遥感中心数据第二批\city\processed_城镇12_pred
2025-12-05 18:50:55 - 临时文件目录: E:\data\云南遥感中心数据第二批\city\processed_城镇12_pred
2025-12-05 18:50:55 - 配置文件: ckpt\other\semseg-pt-v2m5-0-base.py
2025-12-05 18:50:55 - 权重文件: E:\code\python\Pointcept\ckpt\other\model_best.pth
2025-12-05 18:50:55 - 递归处理子文件夹: False
2025-12-05 18:50:55 - AMP 混合精度: True
2025-12-05 18:50:55 - 定期缓存清理间隔(test步数): 20
2025-12-05 18:50:55 - require_labels: None
2025-12-05 18:50:55 - ignore_labels: []
2025-12-05 18:50:55 - window_size: (200.0, 200.0)
2025-12-05 18:50:55 - min_points: 5000
2025-12-05 18:50:55 - use_lac: True
2025-12-05 18:50:55 - 
2025-12-05 18:50:55 - 找到 3 个 LAS 文件待处理
2025-12-05 18:50:55 - 
2025-12-05 18:50:55 - ============================================================
2025-12-05 18:50:55 - [1/3] 处理文件: processed_城镇12.las
2025-12-05 18:50:55 -   输入: E:\data\云南遥感中心数据第二批\city\新建文件夹\processed_城镇12.las
2025-12-05 18:50:55 -   输出: E:\data\云南遥感中心数据第二批\city\processed_城镇12_pred\processed_城镇12.las
2025-12-05 18:50:55 - ============================================================
2025-12-05 18:50:55 -   [Step 1] 提取需要预测的点...
2025-12-05 18:50:55 -   [Step 2] Tile 分块处理...
2025-12-05 18:50:57 -   [Step 3] 深度学习预测...
2025-12-05 18:52:47 -   [Step 4] 合并 tile 结果...
2025-12-05 18:52:48 -   [Step 6] LAC 处理...
2025-12-05 18:53:01 -   ✓ 完成! 耗时: 126.19 秒
2025-12-05 18:53:01 - 
2025-12-05 18:53:01 - ============================================================
2025-12-05 18:53:01 - [2/3] 处理文件: processed_城镇15.las
2025-12-05 18:53:01 -   输入: E:\data\云南遥感中心数据第二批\city\新建文件夹\processed_城镇15.las
2025-12-05 18:53:01 -   输出: E:\data\云南遥感中心数据第二批\city\processed_城镇12_pred\processed_城镇15.las
2025-12-05 18:53:01 - ============================================================
2025-12-05 18:53:01 -   [Step 1] 提取需要预测的点...
2025-12-05 18:53:01 -   [Step 2] Tile 分块处理...
2025-12-05 18:53:04 -   [Step 3] 深度学习预测...
