2025-12-05 18:35:53 - 日志文件: E:\code\python\Pointcept\ckpt\other\predict_20251205_183553.log
2025-12-05 18:35:53 - ============================================================
2025-12-05 18:35:53 - LAS 点云预测流程开始（逐文件处理模式）
2025-12-05 18:35:53 - ============================================================
2025-12-05 18:35:53 - 输入路径: E:\data\云南遥感中心数据第二批\city\processed_城镇12.las
2025-12-05 18:35:53 - 输出目录: E:\data\云南遥感中心数据第二批\city\processed_城镇12_pred
2025-12-05 18:35:53 - 配置文件: ckpt\other\semseg-pt-v2m5-0-base.py
2025-12-05 18:35:53 - 权重文件: E:\code\python\Pointcept\ckpt\other\model_best.pth
2025-12-05 18:35:53 - 递归处理子文件夹: False
2025-12-05 18:35:53 - AMP 混合精度: True
2025-12-05 18:35:53 - require_labels: None
2025-12-05 18:35:53 - ignore_labels: []
2025-12-05 18:35:53 - window_size: (200.0, 200.0)
2025-12-05 18:35:53 - min_points: 5000
2025-12-05 18:35:53 - use_lac: True
2025-12-05 18:35:53 - 
2025-12-05 18:35:53 - 找到 1 个 LAS 文件待处理
2025-12-05 18:35:53 - 
2025-12-05 18:35:53 - ============================================================
2025-12-05 18:35:53 - [1/1] 处理文件: processed_城镇12.las
2025-12-05 18:35:53 -   输入: E:\data\云南遥感中心数据第二批\city\processed_城镇12.las
2025-12-05 18:35:53 -   输出: E:\data\云南遥感中心数据第二批\city\processed_城镇12_pred\processed_城镇12.las
2025-12-05 18:35:53 - ============================================================
2025-12-05 18:35:53 -   [Step 1] 提取需要预测的点...
2025-12-05 18:36:01 -   [Step 2] Tile 分块处理...
2025-12-05 18:36:04 -   [Step 3] 深度学习预测...
2025-12-05 18:37:51 -   [Step 4] 合并 tile 结果...
2025-12-05 18:37:52 -   [Step 6] LAC 处理...
2025-12-05 18:38:05 -   ✓ 完成! 耗时: 132.76 秒
2025-12-05 18:38:05 -   >>> 清理缓存...
2025-12-05 18:38:06 - 
2025-12-05 18:38:06 - 
============================================================
2025-12-05 18:38:06 - 预测完成!
2025-12-05 18:38:06 - ============================================================
2025-12-05 18:38:06 - 总文件数: 1
2025-12-05 18:38:06 - 成功: 1
2025-12-05 18:38:06 - 失败: 0
2025-12-05 18:38:06 - 总耗时: 132.89 秒 (2.21 分钟)
2025-12-05 18:38:06 - 结果保存在: E:\data\云南遥感中心数据第二批\city\processed_城镇12_pred
2025-12-05 18:38:06 - ============================================================
