2025-12-05 15:47:14 - 日志文件: E:\code\python\Pointcept\ckpt\other\predict_20251205_154714.log
2025-12-05 15:47:14 - ============================================================
2025-12-05 15:47:14 - LAS 点云预测流程开始
2025-12-05 15:47:14 - ============================================================
2025-12-05 15:47:14 - 输入目录: E:\data\梯田\梯田\KM35.las
2025-12-05 15:47:14 - 输出目录: E:\data\梯田\梯田\KM35_pred
2025-12-05 15:47:14 - 配置文件: E:\code\python\Pointcept\ckpt\other\config.py
2025-12-05 15:47:14 - 权重文件: E:\code\python\Pointcept\ckpt\other\model_best.pth
2025-12-05 15:47:14 - require_labels: None
2025-12-05 15:47:14 - ignore_labels: [15]
2025-12-05 15:47:14 - window_size: (200.0, 200.0)
2025-12-05 15:47:14 - min_points: 5000
2025-12-05 15:47:14 - use_lac: True
2025-12-05 15:47:14 - 
2025-12-05 15:47:14 - 
============================================================
2025-12-05 15:47:14 - Step 1: 提取需要预测的点
2025-12-05 15:47:14 - ============================================================
2025-12-05 15:47:14 - 处理文件: KM35.las
2025-12-05 15:47:15 -   需要预测的点: 5583478, 被排除的点: 5483
2025-12-05 15:47:15 - 
============================================================
2025-12-05 15:47:15 - Step 2: Tile 分块处理
2025-12-05 15:47:15 - ============================================================
2025-12-05 15:47:35 - 
============================================================
2025-12-05 15:47:35 - Step 3: 深度学习预测
2025-12-05 15:47:35 - ============================================================
