2025-12-05 18:42:16 - 日志文件: E:\code\python\Pointcept\ckpt\other\predict_20251205_184216.log
2025-12-05 18:42:16 - ============================================================
2025-12-05 18:42:16 - LAS 点云预测流程开始（逐文件处理模式）
2025-12-05 18:42:16 - ============================================================
2025-12-05 18:42:16 - 输入路径: E:\data\云南遥感中心数据第二批\city\新建文件夹
2025-12-05 18:42:16 - 输出目录: E:\data\云南遥感中心数据第二批\city\processed_城镇12_pred
2025-12-05 18:42:16 - 配置文件: ckpt\other\semseg-pt-v2m5-0-base.py
2025-12-05 18:42:16 - 权重文件: E:\code\python\Pointcept\ckpt\other\model_best.pth
2025-12-05 18:42:16 - 递归处理子文件夹: False
2025-12-05 18:42:16 - AMP 混合精度: True
2025-12-05 18:42:16 - 定期缓存清理间隔: 20
2025-12-05 18:42:16 - require_labels: None
2025-12-05 18:42:16 - ignore_labels: []
2025-12-05 18:42:16 - window_size: (200.0, 200.0)
2025-12-05 18:42:16 - min_points: 5000
2025-12-05 18:42:16 - use_lac: True
2025-12-05 18:42:16 - 
2025-12-05 18:42:16 - 找到 3 个 LAS 文件待处理
2025-12-05 18:42:16 - 
2025-12-05 18:42:16 - ============================================================
2025-12-05 18:42:16 - [1/3] 处理文件: processed_城镇12.las
2025-12-05 18:42:16 -   输入: E:\data\云南遥感中心数据第二批\city\新建文件夹\processed_城镇12.las
2025-12-05 18:42:16 -   输出: E:\data\云南遥感中心数据第二批\city\processed_城镇12_pred\processed_城镇12.las
2025-12-05 18:42:16 - ============================================================
2025-12-05 18:42:16 -   [Step 1] 提取需要预测的点...
2025-12-05 18:42:16 -   [Step 2] Tile 分块处理...
2025-12-05 18:42:19 -   [Step 3] 深度学习预测...
2025-12-05 18:44:05 -   [Step 4] 合并 tile 结果...
2025-12-05 18:44:06 -   [Step 6] LAC 处理...
2025-12-05 18:44:19 -   ✓ 完成! 耗时: 123.17 秒
2025-12-05 18:44:19 - 
2025-12-05 18:44:19 - ============================================================
2025-12-05 18:44:19 - [2/3] 处理文件: processed_城镇15.las
2025-12-05 18:44:19 -   输入: E:\data\云南遥感中心数据第二批\city\新建文件夹\processed_城镇15.las
2025-12-05 18:44:19 -   输出: E:\data\云南遥感中心数据第二批\city\processed_城镇12_pred\processed_城镇15.las
2025-12-05 18:44:19 - ============================================================
2025-12-05 18:44:19 -   [Step 1] 提取需要预测的点...
2025-12-05 18:44:19 -   [Step 2] Tile 分块处理...
2025-12-05 18:44:22 -   [Step 3] 深度学习预测...
