2025-12-05 18:29:06 - 日志文件: E:\code\python\Pointcept\ckpt\other\predict_20251205_182906.log
2025-12-05 18:29:06 - ============================================================
2025-12-05 18:29:06 - LAS 点云预测流程开始（逐文件处理模式）
2025-12-05 18:29:06 - ============================================================
2025-12-05 18:29:06 - 输入路径: E:\data\梯田\梯田
2025-12-05 18:29:06 - 输出目录: E:\data\梯田\梯田\KM35_pred
2025-12-05 18:29:06 - 配置文件: ckpt\other\semseg-pt-v2m5-0-base.py
2025-12-05 18:29:06 - 权重文件: E:\code\python\Pointcept\ckpt\other\model_best.pth
2025-12-05 18:29:06 - 递归处理子文件夹: False
2025-12-05 18:29:06 - AMP 混合精度: True
2025-12-05 18:29:06 - require_labels: None
2025-12-05 18:29:06 - ignore_labels: []
2025-12-05 18:29:06 - window_size: (200.0, 200.0)
2025-12-05 18:29:06 - min_points: 5000
2025-12-05 18:29:06 - use_lac: True
2025-12-05 18:29:06 - 
2025-12-05 18:29:06 - 找到 6 个 LAS 文件待处理
2025-12-05 18:29:06 - 
2025-12-05 18:29:06 - ============================================================
2025-12-05 18:29:06 - [1/6] 处理文件: KM35.las
2025-12-05 18:29:06 -   输入: E:\data\梯田\梯田\KM35.las
2025-12-05 18:29:06 -   输出: E:\data\梯田\梯田\KM35_pred\KM35.las
2025-12-05 18:29:06 - ============================================================
2025-12-05 18:29:06 -   [Step 1] 提取需要预测的点...
2025-12-05 18:29:06 -   [Step 2] Tile 分块处理...
2025-12-05 18:29:28 -   [Step 3] 深度学习预测...
