2025-12-08 11:34:17 - 日志文件: E:\code\python\Pointcept\ckpt\other\predict_20251208_113417.log
2025-12-08 11:34:17 - ============================================================
2025-12-08 11:34:17 - LAS 点云预测流程开始（逐文件处理模式）
2025-12-08 11:34:17 - ============================================================
2025-12-08 11:34:17 - 输入路径: E:\data\云南遥感中心数据第二批\city\新建文件夹
2025-12-08 11:34:17 - 输出目录: E:\data\云南遥感中心数据第二批\city\processed_城镇12_pred
2025-12-08 11:34:17 - 临时文件目录: E:\data\云南遥感中心数据第二批\city\processed_城镇12_pred
2025-12-08 11:34:17 - 配置文件: ckpt\other\semseg-pt-v2m5-0-base.py
2025-12-08 11:34:17 - 权重文件: E:\code\python\Pointcept\ckpt\other\model_best.pth
2025-12-08 11:34:17 - 递归处理子文件夹: False
2025-12-08 11:34:17 - AMP 混合精度: True
2025-12-08 11:34:17 - 定期缓存清理间隔(test步数): 10
2025-12-08 11:34:17 - require_labels: None
2025-12-08 11:34:17 - ignore_labels: []
2025-12-08 11:34:17 - window_size: (200.0, 200.0)
2025-12-08 11:34:17 - min_points: 5000
2025-12-08 11:34:17 - use_lac: True
2025-12-08 11:34:17 - 
2025-12-08 11:34:17 - 找到 3 个 LAS 文件待处理
2025-12-08 11:34:17 - 
2025-12-08 11:34:17 - ============================================================
2025-12-08 11:34:17 - [1/3] 处理文件: processed_城镇12.las
2025-12-08 11:34:17 -   输入: E:\data\云南遥感中心数据第二批\city\新建文件夹\processed_城镇12.las
2025-12-08 11:34:17 -   输出: E:\data\云南遥感中心数据第二批\city\processed_城镇12_pred\processed_城镇12.las
2025-12-08 11:34:17 - ============================================================
2025-12-08 11:34:17 -   [Step 1] 提取需要预测的点...
2025-12-08 11:34:18 -   [Step 2] Tile 分块处理...
2025-12-08 11:34:20 -   [Step 3] 深度学习预测...
2025-12-08 11:36:11 -   [Step 4] 合并 tile 结果...
2025-12-08 11:36:12 -   [Step 6] LAC 处理...
2025-12-08 11:36:27 -   ✓ 完成! 耗时: 129.62 秒
2025-12-08 11:36:27 - 
2025-12-08 11:36:27 - ============================================================
2025-12-08 11:36:27 - [2/3] 处理文件: processed_城镇15.las
2025-12-08 11:36:27 -   输入: E:\data\云南遥感中心数据第二批\city\新建文件夹\processed_城镇15.las
2025-12-08 11:36:27 -   输出: E:\data\云南遥感中心数据第二批\city\processed_城镇12_pred\processed_城镇15.las
2025-12-08 11:36:27 - ============================================================
2025-12-08 11:36:27 -   [Step 1] 提取需要预测的点...
2025-12-08 11:36:27 -   [Step 2] Tile 分块处理...
2025-12-08 11:36:30 -   [Step 3] 深度学习预测...
2025-12-08 11:38:05 -   [Step 4] 合并 tile 结果...
2025-12-08 11:38:06 -   [Step 6] LAC 处理...
2025-12-08 11:38:24 -   ✓ 完成! 耗时: 117.42 秒
2025-12-08 11:38:24 - 
2025-12-08 11:38:24 - ============================================================
2025-12-08 11:38:24 - [3/3] 处理文件: processed_城镇16.las
2025-12-08 11:38:24 -   输入: E:\data\云南遥感中心数据第二批\city\新建文件夹\processed_城镇16.las
2025-12-08 11:38:24 -   输出: E:\data\云南遥感中心数据第二批\city\processed_城镇12_pred\processed_城镇16.las
2025-12-08 11:38:24 - ============================================================
2025-12-08 11:38:24 -   [Step 1] 提取需要预测的点...
2025-12-08 11:38:25 -   [Step 2] Tile 分块处理...
2025-12-08 11:38:27 -   [Step 3] 深度学习预测...
2025-12-08 11:40:18 -   [Step 4] 合并 tile 结果...
2025-12-08 11:40:19 -   [Step 6] LAC 处理...
2025-12-08 11:40:38 -   ✓ 完成! 耗时: 133.87 秒
2025-12-08 11:40:38 - 
2025-12-08 11:40:38 - 
============================================================
2025-12-08 11:40:38 - 预测完成!
2025-12-08 11:40:38 - ============================================================
2025-12-08 11:40:38 - 总文件数: 3
2025-12-08 11:40:38 - 成功: 3
2025-12-08 11:40:38 - 失败: 0
2025-12-08 11:40:38 - 总耗时: 380.90 秒 (6.35 分钟)
2025-12-08 11:40:38 - 结果保存在: E:\data\云南遥感中心数据第二批\city\processed_城镇12_pred
2025-12-08 11:40:38 - ============================================================
