2025-12-07 16:04:33 - 日志文件: ckpt\city-1207\predict_20251207_160433.log
2025-12-07 16:04:33 - ============================================================
2025-12-07 16:04:33 - LAS 点云预测流程开始（逐文件处理模式）
2025-12-07 16:04:33 - ============================================================
2025-12-07 16:04:33 - 输入路径: D:\data\云南遥感中心数据第二批\disk02\processed_城镇77.las
2025-12-07 16:04:33 - 输出目录: D:\data\云南遥感中心数据第二批\disk02_pred1
2025-12-07 16:04:33 - 临时文件目录: D:\data\云南遥感中心数据第二批\disk02_pred1
2025-12-07 16:04:33 - 配置文件: ckpt\city-1207\semseg-pt-v2m5-0-base.py
2025-12-07 16:04:33 - 权重文件: ckpt\city-1207\model_best.pth
2025-12-07 16:04:33 - 递归处理子文件夹: False
2025-12-07 16:04:33 - AMP 混合精度: True
2025-12-07 16:04:33 - 定期缓存清理间隔(test步数): 20
2025-12-07 16:04:33 - require_labels: None
2025-12-07 16:04:33 - ignore_labels: []
2025-12-07 16:04:33 - window_size: (200.0, 200.0)
2025-12-07 16:04:33 - min_points: 5000
2025-12-07 16:04:33 - use_lac: False
2025-12-07 16:04:33 - 
2025-12-07 16:04:33 - 找到 1 个 LAS 文件待处理
2025-12-07 16:04:33 - 
2025-12-07 16:04:33 - ============================================================
2025-12-07 16:04:33 - [1/1] 处理文件: processed_城镇77.las
2025-12-07 16:04:33 -   输入: D:\data\云南遥感中心数据第二批\disk02\processed_城镇77.las
2025-12-07 16:04:33 -   输出: D:\data\云南遥感中心数据第二批\disk02_pred1\processed_城镇77.las
2025-12-07 16:04:33 - ============================================================
2025-12-07 16:04:33 -   [Step 1] 提取需要预测的点...
2025-12-07 16:04:36 -   [Step 2] Tile 分块处理...
2025-12-07 16:04:44 -   [Step 3] 深度学习预测...
2025-12-07 16:09:32 -   [Step 4] 合并 tile 结果...
2025-12-07 16:09:39 -   ✓ 完成! 耗时: 305.39 秒
2025-12-07 16:09:39 - 
2025-12-07 16:09:39 - 
============================================================
2025-12-07 16:09:39 - 预测完成!
2025-12-07 16:09:39 - ============================================================
2025-12-07 16:09:39 - 总文件数: 1
2025-12-07 16:09:39 - 成功: 1
2025-12-07 16:09:39 - 失败: 0
2025-12-07 16:09:39 - 总耗时: 305.39 秒 (5.09 分钟)
2025-12-07 16:09:39 - 结果保存在: D:\data\云南遥感中心数据第二批\disk02_pred1
2025-12-07 16:09:39 - ============================================================
