2025-12-07 10:14:35 - 日志文件: ckpt\city-1207\predict_20251207_101435.log
2025-12-07 10:14:35 - ============================================================
2025-12-07 10:14:35 - LAS 点云预测流程开始（逐文件处理模式）
2025-12-07 10:14:35 - ============================================================
2025-12-07 10:14:35 - 输入路径: D:\data\云南遥感中心数据第二批\disk02
2025-12-07 10:14:35 - 输出目录: D:\data\云南遥感中心数据第二批\disk02_pred
2025-12-07 10:14:35 - 临时文件目录: D:\data\云南遥感中心数据第二批\disk02_pred
2025-12-07 10:14:35 - 配置文件: ckpt\city-1207\semseg-pt-v2m5-0-base.py
2025-12-07 10:14:35 - 权重文件: ckpt\city-1207\model_best.pth
2025-12-07 10:14:35 - 递归处理子文件夹: False
2025-12-07 10:14:35 - AMP 混合精度: True
2025-12-07 10:14:35 - 定期缓存清理间隔(test步数): 20
2025-12-07 10:14:35 - require_labels: None
2025-12-07 10:14:35 - ignore_labels: []
2025-12-07 10:14:35 - window_size: (200.0, 200.0)
2025-12-07 10:14:35 - min_points: 5000
2025-12-07 10:14:35 - use_lac: True
2025-12-07 10:14:35 - 
2025-12-07 10:14:35 - 找到 17 个 LAS 文件待处理
2025-12-07 10:14:35 - 
2025-12-07 10:14:35 - ============================================================
2025-12-07 10:14:35 - [1/17] 处理文件: processed_城镇68.las
2025-12-07 10:14:35 -   输入: D:\data\云南遥感中心数据第二批\disk02\processed_城镇68.las
2025-12-07 10:14:35 -   输出: D:\data\云南遥感中心数据第二批\disk02_pred\processed_城镇68.las
2025-12-07 10:14:35 - ============================================================
2025-12-07 10:14:35 -   [Step 1] 提取需要预测的点...
2025-12-07 10:14:37 -   [Step 2] Tile 分块处理...
2025-12-07 10:14:43 -   [Step 3] 深度学习预测...
2025-12-07 10:17:51 -   [Step 4] 合并 tile 结果...
2025-12-07 10:17:56 -   [Step 6] LAC 处理...
2025-12-07 10:18:27 -   ✓ 完成! 耗时: 231.93 秒
2025-12-07 10:18:27 - 
2025-12-07 10:18:27 - ============================================================
2025-12-07 10:18:27 - [2/17] 处理文件: processed_城镇69.las
2025-12-07 10:18:27 -   输入: D:\data\云南遥感中心数据第二批\disk02\processed_城镇69.las
2025-12-07 10:18:27 -   输出: D:\data\云南遥感中心数据第二批\disk02_pred\processed_城镇69.las
2025-12-07 10:18:27 - ============================================================
2025-12-07 10:18:27 -   [Step 1] 提取需要预测的点...
2025-12-07 10:18:30 -   [Step 2] Tile 分块处理...
2025-12-07 10:18:37 -   [Step 3] 深度学习预测...
2025-12-07 10:22:50 -   [Step 4] 合并 tile 结果...
2025-12-07 10:22:56 -   [Step 6] LAC 处理...
2025-12-07 10:23:40 -   ✓ 完成! 耗时: 312.79 秒
2025-12-07 10:23:40 - 
2025-12-07 10:23:40 - ============================================================
2025-12-07 10:23:40 - [3/17] 处理文件: processed_城镇70.las
2025-12-07 10:23:40 -   输入: D:\data\云南遥感中心数据第二批\disk02\processed_城镇70.las
2025-12-07 10:23:40 -   输出: D:\data\云南遥感中心数据第二批\disk02_pred\processed_城镇70.las
2025-12-07 10:23:40 - ============================================================
2025-12-07 10:23:40 -   [Step 1] 提取需要预测的点...
2025-12-07 10:23:43 -   [Step 2] Tile 分块处理...
2025-12-07 10:23:50 -   [Step 3] 深度学习预测...
2025-12-07 10:28:57 -   [Step 4] 合并 tile 结果...
2025-12-07 10:29:02 -   [Step 6] LAC 处理...
2025-12-07 10:29:33 -   ✓ 完成! 耗时: 353.13 秒
2025-12-07 10:29:33 - 
2025-12-07 10:29:33 - ============================================================
2025-12-07 10:29:33 - [4/17] 处理文件: processed_城镇71.las
2025-12-07 10:29:33 -   输入: D:\data\云南遥感中心数据第二批\disk02\processed_城镇71.las
2025-12-07 10:29:33 -   输出: D:\data\云南遥感中心数据第二批\disk02_pred\processed_城镇71.las
2025-12-07 10:29:33 - ============================================================
2025-12-07 10:29:33 -   [Step 1] 提取需要预测的点...
2025-12-07 10:29:37 -   [Step 2] Tile 分块处理...
2025-12-07 10:29:44 -   [Step 3] 深度学习预测...
2025-12-07 10:35:55 -   [Step 4] 合并 tile 结果...
2025-12-07 10:36:00 -   [Step 6] LAC 处理...
2025-12-07 10:36:32 -   ✓ 完成! 耗时: 418.62 秒
2025-12-07 10:36:32 - 
2025-12-07 10:36:32 - ============================================================
2025-12-07 10:36:32 - [5/17] 处理文件: processed_城镇72.las
2025-12-07 10:36:32 -   输入: D:\data\云南遥感中心数据第二批\disk02\processed_城镇72.las
2025-12-07 10:36:32 -   输出: D:\data\云南遥感中心数据第二批\disk02_pred\processed_城镇72.las
2025-12-07 10:36:32 - ============================================================
2025-12-07 10:36:32 -   [Step 1] 提取需要预测的点...
2025-12-07 10:36:35 -   [Step 2] Tile 分块处理...
2025-12-07 10:36:42 -   [Step 3] 深度学习预测...
2025-12-07 10:41:26 -   [Step 4] 合并 tile 结果...
2025-12-07 10:41:31 -   [Step 6] LAC 处理...
2025-12-07 10:42:10 -   ✓ 完成! 耗时: 338.08 秒
2025-12-07 10:42:10 - 
2025-12-07 10:42:10 - ============================================================
2025-12-07 10:42:10 - [6/17] 处理文件: processed_城镇73.las
2025-12-07 10:42:10 -   输入: D:\data\云南遥感中心数据第二批\disk02\processed_城镇73.las
2025-12-07 10:42:10 -   输出: D:\data\云南遥感中心数据第二批\disk02_pred\processed_城镇73.las
2025-12-07 10:42:10 - ============================================================
2025-12-07 10:42:10 -   [Step 1] 提取需要预测的点...
2025-12-07 10:42:17 -   [Step 2] Tile 分块处理...
2025-12-07 10:42:29 -   [Step 3] 深度学习预测...
2025-12-07 10:53:08 -   [Step 4] 合并 tile 结果...
2025-12-07 10:53:18 -   [Step 6] LAC 处理...
2025-12-07 10:54:59 -   ✓ 完成! 耗时: 769.36 秒
2025-12-07 10:54:59 - 
2025-12-07 10:54:59 - ============================================================
2025-12-07 10:54:59 - [7/17] 处理文件: processed_城镇74.las
2025-12-07 10:54:59 -   输入: D:\data\云南遥感中心数据第二批\disk02\processed_城镇74.las
2025-12-07 10:54:59 -   输出: D:\data\云南遥感中心数据第二批\disk02_pred\processed_城镇74.las
2025-12-07 10:54:59 - ============================================================
2025-12-07 10:54:59 -   [Step 1] 提取需要预测的点...
2025-12-07 10:55:05 -   [Step 2] Tile 分块处理...
2025-12-07 10:55:14 -   [Step 3] 深度学习预测...
2025-12-07 11:01:13 -   [Step 4] 合并 tile 结果...
2025-12-07 11:01:20 -   [Step 6] LAC 处理...
2025-12-07 11:02:18 -   ✓ 完成! 耗时: 439.17 秒
2025-12-07 11:02:18 - 
2025-12-07 11:02:18 - ============================================================
2025-12-07 11:02:18 - [8/17] 处理文件: processed_城镇75.las
2025-12-07 11:02:18 -   输入: D:\data\云南遥感中心数据第二批\disk02\processed_城镇75.las
2025-12-07 11:02:18 -   输出: D:\data\云南遥感中心数据第二批\disk02_pred\processed_城镇75.las
2025-12-07 11:02:18 - ============================================================
2025-12-07 11:02:18 -   [Step 1] 提取需要预测的点...
2025-12-07 11:02:24 -   [Step 2] Tile 分块处理...
2025-12-07 11:02:34 -   [Step 3] 深度学习预测...
2025-12-07 11:11:51 -   [Step 4] 合并 tile 结果...
2025-12-07 11:11:59 -   [Step 6] LAC 处理...
2025-12-07 11:12:52 -   ✓ 完成! 耗时: 633.51 秒
2025-12-07 11:12:52 - 
2025-12-07 11:12:52 - ============================================================
2025-12-07 11:12:52 - [9/17] 处理文件: processed_城镇76.las
2025-12-07 11:12:52 -   输入: D:\data\云南遥感中心数据第二批\disk02\processed_城镇76.las
2025-12-07 11:12:52 -   输出: D:\data\云南遥感中心数据第二批\disk02_pred\processed_城镇76.las
2025-12-07 11:12:52 - ============================================================
2025-12-07 11:12:52 -   [Step 1] 提取需要预测的点...
2025-12-07 11:12:56 -   [Step 2] Tile 分块处理...
2025-12-07 11:13:03 -   [Step 3] 深度学习预测...
2025-12-07 11:17:09 -   [Step 4] 合并 tile 结果...
2025-12-07 11:17:15 -   [Step 6] LAC 处理...
2025-12-07 11:18:22 -   ✓ 完成! 耗时: 330.36 秒
2025-12-07 11:18:22 - 
2025-12-07 11:18:22 - ============================================================
2025-12-07 11:18:22 - [10/17] 处理文件: processed_城镇77.las
2025-12-07 11:18:22 -   输入: D:\data\云南遥感中心数据第二批\disk02\processed_城镇77.las
2025-12-07 11:18:22 -   输出: D:\data\云南遥感中心数据第二批\disk02_pred\processed_城镇77.las
2025-12-07 11:18:22 - ============================================================
2025-12-07 11:18:22 -   [Step 1] 提取需要预测的点...
2025-12-07 11:18:27 -   [Step 2] Tile 分块处理...
2025-12-07 11:18:35 -   [Step 3] 深度学习预测...
2025-12-07 11:25:16 -   [Step 4] 合并 tile 结果...
2025-12-07 11:25:22 -   [Step 6] LAC 处理...
2025-12-07 11:26:40 -   ✓ 完成! 耗时: 498.33 秒
2025-12-07 11:26:40 - 
2025-12-07 11:26:40 - ============================================================
2025-12-07 11:26:40 - [11/17] 处理文件: processed_城镇78.las
2025-12-07 11:26:40 -   输入: D:\data\云南遥感中心数据第二批\disk02\processed_城镇78.las
2025-12-07 11:26:40 -   输出: D:\data\云南遥感中心数据第二批\disk02_pred\processed_城镇78.las
2025-12-07 11:26:40 - ============================================================
2025-12-07 11:26:40 -   [Step 1] 提取需要预测的点...
2025-12-07 11:26:45 -   [Step 2] Tile 分块处理...
2025-12-07 11:26:53 -   [Step 3] 深度学习预测...
2025-12-07 11:35:43 -   [Step 4] 合并 tile 结果...
2025-12-07 11:35:49 -   [Step 6] LAC 处理...
2025-12-07 11:37:02 -   ✓ 完成! 耗时: 621.29 秒
2025-12-07 11:37:02 - 
2025-12-07 11:37:02 - ============================================================
2025-12-07 11:37:02 - [12/17] 处理文件: processed_城镇79.las
2025-12-07 11:37:02 -   输入: D:\data\云南遥感中心数据第二批\disk02\processed_城镇79.las
2025-12-07 11:37:02 -   输出: D:\data\云南遥感中心数据第二批\disk02_pred\processed_城镇79.las
2025-12-07 11:37:02 - ============================================================
2025-12-07 11:37:02 -   [Step 1] 提取需要预测的点...
2025-12-07 11:37:05 -   [Step 2] Tile 分块处理...
2025-12-07 11:37:11 -   [Step 3] 深度学习预测...
2025-12-07 11:40:09 -   [Step 4] 合并 tile 结果...
2025-12-07 11:40:14 -   [Step 6] LAC 处理...
2025-12-07 11:41:04 -   ✓ 完成! 耗时: 242.07 秒
2025-12-07 11:41:04 - 
2025-12-07 11:41:04 - ============================================================
2025-12-07 11:41:04 - [13/17] 处理文件: processed_城镇80.las
2025-12-07 11:41:04 -   输入: D:\data\云南遥感中心数据第二批\disk02\processed_城镇80.las
2025-12-07 11:41:04 -   输出: D:\data\云南遥感中心数据第二批\disk02_pred\processed_城镇80.las
2025-12-07 11:41:04 - ============================================================
2025-12-07 11:41:04 -   [Step 1] 提取需要预测的点...
2025-12-07 11:41:07 -   [Step 2] Tile 分块处理...
2025-12-07 11:41:13 -   [Step 3] 深度学习预测...
2025-12-07 11:44:45 -   [Step 4] 合并 tile 结果...
2025-12-07 11:44:50 -   [Step 6] LAC 处理...
2025-12-07 11:45:29 -   ✓ 完成! 耗时: 264.77 秒
2025-12-07 11:45:29 - 
2025-12-07 11:45:29 - ============================================================
2025-12-07 11:45:29 - [14/17] 处理文件: processed_城镇81.las
2025-12-07 11:45:29 -   输入: D:\data\云南遥感中心数据第二批\disk02\processed_城镇81.las
2025-12-07 11:45:29 -   输出: D:\data\云南遥感中心数据第二批\disk02_pred\processed_城镇81.las
2025-12-07 11:45:29 - ============================================================
2025-12-07 11:45:29 -   [Step 1] 提取需要预测的点...
2025-12-07 11:45:32 -   [Step 2] Tile 分块处理...
2025-12-07 11:45:37 -   [Step 3] 深度学习预测...
2025-12-07 11:48:40 -   [Step 4] 合并 tile 结果...
2025-12-07 11:48:45 -   [Step 6] LAC 处理...
2025-12-07 11:49:16 -   ✓ 完成! 耗时: 227.78 秒
2025-12-07 11:49:16 - 
2025-12-07 11:49:16 - ============================================================
2025-12-07 11:49:16 - [15/17] 处理文件: processed_城镇82.las
2025-12-07 11:49:16 -   输入: D:\data\云南遥感中心数据第二批\disk02\processed_城镇82.las
2025-12-07 11:49:16 -   输出: D:\data\云南遥感中心数据第二批\disk02_pred\processed_城镇82.las
2025-12-07 11:49:16 - ============================================================
2025-12-07 11:49:16 -   [Step 1] 提取需要预测的点...
2025-12-07 11:49:20 -   [Step 2] Tile 分块处理...
2025-12-07 11:49:26 -   [Step 3] 深度学习预测...
2025-12-07 11:52:08 -   [Step 4] 合并 tile 结果...
2025-12-07 11:52:13 -   [Step 6] LAC 处理...
2025-12-07 11:53:02 -   ✓ 完成! 耗时: 226.11 秒
2025-12-07 11:53:02 - 
2025-12-07 11:53:02 - ============================================================
2025-12-07 11:53:02 - [16/17] 处理文件: processed_城镇83.las
2025-12-07 11:53:02 -   输入: D:\data\云南遥感中心数据第二批\disk02\processed_城镇83.las
2025-12-07 11:53:02 -   输出: D:\data\云南遥感中心数据第二批\disk02_pred\processed_城镇83.las
2025-12-07 11:53:02 - ============================================================
2025-12-07 11:53:02 -   [Step 1] 提取需要预测的点...
2025-12-07 11:53:06 -   [Step 2] Tile 分块处理...
2025-12-07 11:53:12 -   [Step 3] 深度学习预测...
2025-12-07 11:57:23 -   [Step 4] 合并 tile 结果...
2025-12-07 11:57:27 -   [Step 6] LAC 处理...
2025-12-07 11:58:02 -   ✓ 完成! 耗时: 299.94 秒
2025-12-07 11:58:02 - 
2025-12-07 11:58:02 - ============================================================
2025-12-07 11:58:02 - [17/17] 处理文件: processed_城镇84.las
2025-12-07 11:58:02 -   输入: D:\data\云南遥感中心数据第二批\disk02\processed_城镇84.las
2025-12-07 11:58:02 -   输出: D:\data\云南遥感中心数据第二批\disk02_pred\processed_城镇84.las
2025-12-07 11:58:02 - ============================================================
2025-12-07 11:58:02 -   [Step 1] 提取需要预测的点...
2025-12-07 11:58:06 -   [Step 2] Tile 分块处理...
2025-12-07 11:58:12 -   [Step 3] 深度学习预测...
2025-12-07 12:02:53 -   [Step 4] 合并 tile 结果...
2025-12-07 12:02:58 -   [Step 6] LAC 处理...
2025-12-07 12:03:39 -   ✓ 完成! 耗时: 337.07 秒
2025-12-07 12:03:39 - 
2025-12-07 12:03:39 - 
============================================================
2025-12-07 12:03:39 - 预测完成!
2025-12-07 12:03:39 - ============================================================
2025-12-07 12:03:39 - 总文件数: 17
2025-12-07 12:03:39 - 成功: 17
2025-12-07 12:03:39 - 失败: 0
2025-12-07 12:03:39 - 总耗时: 6544.33 秒 (109.07 分钟)
2025-12-07 12:03:39 - 结果保存在: D:\data\云南遥感中心数据第二批\disk02_pred
2025-12-07 12:03:39 - ============================================================
